+ ld obj/kern/kernel
+ mk obj/kern/kernel.img

(process:9173): GLib-WARNING **: /build/glib2.0-pjKWYQ/glib2.0-2.48.2/./glib/gmem.c:483: custom memory allocation vtable not supported

(process:9175): GLib-WARNING **: /build/glib2.0-pjKWYQ/glib2.0-2.48.2/./glib/gmem.c:483: custom memory allocation vtable not supported
6828 decimal is 15254 octal!
Physical memory: 66556K available, base = 640K, extended = 65532K
boot_alloc memory at f017e000
Next memory at f017f000
boot_alloc memory at f017f000
Next memory at f01a0000
npages: 16639
npages_basemem: 160
pages: f017f000
boot_alloc memory at f01a0000
Next memory at f01b8000
f01b8000
med=440
boot_alloc memory at f01b8000
Next memory at f01b8000
check_page_free_list done
check_page_alloc() succeeded!
so far so good
pp2 f0180fe8
kern_pgdir f017e000
kern_pgdir[0] is 3ff007
check_page() succeeded!
Virtual Address ef000000 mapped to Physical Address 17f000
PADDR(pages) 17f000
Virtual Address eec00000 mapped to Physical Address 1a0000
Virtual Address efff8000 mapped to Physical Address 111000
PADDR(bootstack) 111000
Virtual Address f0000000 mapped to Physical Address 0
check_kern_pgdir() succeeded!
boot_alloc memory at f01b8000
Next memory at f01b8000
check_page_free_list done
check_page_installed_pgdir() succeeded!
funs f011b356
funs[0] f0103990
funs[48] f01039de
envs: f01a0000, e: f01a0000, e->env_id: 1000
env_id, 1000
[00000000] new env 00001000
p_memsz: 3da7, p_filesz: 3da7
p_memsz: 1024, p_filesz: 1024
p_memsz: c, p_filesz: 4

Incoming TRAP frame at 0xefffffbc
SYSTEM CALL

Incoming TRAP frame at 0xefffffbc
SYSTEM CALL
user_mem_check va: eebfde88, len: 14
user_mem_check success va: eebfde88, len: 14
lib/syscall.c: 1000

Incoming TRAP frame at 0xefffffbc
SYSTEM CALL
user_mem_check va: f010000c, len: 64
[00001000] user_mem_check assertion failure for va f010000c
[00001000] free env 00001000
Destroyed the only environment - nothing more to do!
Welcome to the JOS kernel monitor!
Type 'help' for a list of commands.
blue
green
red
qemu: terminating on signal 15 from pid 9098
